<?xml version="1.0" encoding="UTF-8"?>
<!-- Generated by org.testng.reporters.JUnitXMLReporter -->
<testsuite hostname="197NODNB10307" ignored="1" name="Car Loan" tests="6" failures="0" timestamp="19 Apr 2021 16:43:52 GMT" time="1.135" errors="0">
  <testcase name="MobileLogincarLoan" time="0.016" classname="test.day3"/>
  <testcase name="MobilesignimcarLoan" time="0.008" classname="test.day3"/>
  <testcase name="MobilesignoutcarLoan" time="0.009" classname="test.day3"/>
  <testcase name="MobilesignoutcarLoan" time="0.005" classname="test.day3"/>
  <testcase name="MobilesignoutcarLoan" time="0.006" classname="test.day3"/>
  <testcase name="WebloginCarLoan" time="0.003" classname="test.day3"/>
  <testcase name="APIcarLoan" time="0.0" classname="test.day3">
    <ignored/>
  </testcase> <!-- APIcarLoan -->
</testsuite> <!-- Car Loan -->
