<?xml version="1.0" encoding="UTF-8"?>
<!-- Generated by org.testng.reporters.JUnitXMLReporter -->
<testsuite hostname="197NODNB10307" ignored="1" name="Personal loan" tests="5" failures="0" timestamp="19 Apr 2021 16:43:51 GMT" time="0.071" errors="0">
  <testcase name="Demo" time="0.007" classname="test.day1"/>
  <testcase name="ploan" time="0.003" classname="test.day2"/>
  <testcase name="LoginAPIHomeLoan" time="0.004" classname="test.day4"/>
  <testcase name="MobileLoginHomeLoan" time="0.006" classname="test.day4"/>
  <testcase name="WebloginHomeLoan" time="0.002" classname="test.day4"/>
  <testcase name="SecondTest" time="0.0" classname="test.day1">
    <ignored/>
  </testcase> <!-- SecondTest -->
</testsuite> <!-- Personal loan -->
