<?xml version="1.0" encoding="UTF-8"?>
<!-- Generated by org.testng.reporters.JUnitXMLReporter -->
<testsuite hostname="197NODNB10307" ignored="8" name="Regression" tests="3" failures="0" timestamp="18 Apr 2021 08:56:41 GMT" time="0.047" errors="0">
  <testcase name="ploan" time="0.009" classname="test.day2"/>
  <testcase name="MobileLoginHomeLoan" time="0.002" classname="test.day4"/>
  <testcase name="MobileLogincarLoan" time="0.003" classname="test.day3"/>
  <testcase name="WebloginHomeLoan" time="0.0" classname="test.day4">
    <ignored/>
  </testcase> <!-- WebloginHomeLoan -->
  <testcase name="MobilesignoutcarLoan" time="0.0" classname="test.day3">
    <ignored/>
  </testcase> <!-- MobilesignoutcarLoan -->
  <testcase name="SecondTest" time="0.0" classname="test.day1">
    <ignored/>
  </testcase> <!-- SecondTest -->
  <testcase name="APIcarLoan" time="0.0" classname="test.day3">
    <ignored/>
  </testcase> <!-- APIcarLoan -->
  <testcase name="WebloginCarLoan" time="0.0" classname="test.day3">
    <ignored/>
  </testcase> <!-- WebloginCarLoan -->
  <testcase name="Demo" time="0.0" classname="test.day1">
    <ignored/>
  </testcase> <!-- Demo -->
  <testcase name="MobilesignimcarLoan" time="0.0" classname="test.day3">
    <ignored/>
  </testcase> <!-- MobilesignimcarLoan -->
  <testcase name="LoginAPIHomeLoan" time="0.0" classname="test.day4">
    <ignored/>
  </testcase> <!-- LoginAPIHomeLoan -->
</testsuite> <!-- Regression -->
